<?xml version="1.0" encoding="UTF-8"?>
<!-- Generated by org.testng.reporters.JUnitReportReporter -->
<testsuite hostname="Dell-pc" failures="0" tests="1" name="simplewebdrivermanager.Annotation" time="0.019" errors="0" timestamp="2022-11-15T09:28:06 IST" skipped="0">
  <testcase classname="simplewebdrivermanager.Annotation" name="test" time="0.019"/>
  <system-out/>
</testsuite> <!-- simplewebdrivermanager.Annotation -->
